make all --print-data-base --no-builtin-variables --no-builtin-rules --question
make: *** No rule to make target 'all'.  Stop.

# GNU Make 4.2.1
# Built for x86_64-pc-linux-gnu
# Copyright (C) 1988-2016 Free Software Foundation, Inc.
# License GPLv3+: GNU GPL version 3 or later <http://gnu.org/licenses/gpl.html>
# This is free software: you are free to change and redistribute it.
# There is NO WARRANTY, to the extent permitted by law.

# Make data base, printed on Sat Jun  4 18:52:37 2022

# Variables

# 'override' directive
GNUMAKEFLAGS := 
# automatic
<D = $(patsubst %/,%,$(dir $<))
# automatic
?F = $(notdir $?)
# environment
PAPERSIZE = a4
# environment
DESKTOP_SESSION = ubuntu
# default
.SHELLFLAGS := -c
# environment
XDG_SESSION_CLASS = user
# environment
XDG_SESSION_TYPE = x11
# environment
VSCODE_LOG_NATIVE = false
# makefile (from 'Makefile', line 7)
TARGET = tree
# automatic
?D = $(patsubst %/,%,$(dir $?))
# environment
IM_CONFIG_PHASE = 1
# makefile (from 'Makefile', line 14)
INCLUDES := ./include/parsing.h ./include/graphe.h ./include/args-parser.h ./include/io-utils.h ./include/prim.h ./include/djikstra.h ./include/tps_unit_test.h ./include/lib.h
# automatic
@D = $(patsubst %/,%,$(dir $@))
# environment
XAUTHORITY = /run/user/1000/gdm/Xauthority
# environment
GDMSESSION = ubuntu
# environment
XMODIFIERS = @im=ibus
# makefile
CURDIR := /home/aymane/parsage
# makefile
SHELL = /bin/sh
# environment
VSCODE_NLS_CONFIG = {"locale":"fr","availableLanguages":{"*":"fr"},"_languagePackId":"25fe6a3290ec415596628d4afc87a88c.fr","_translationsConfigFile":"/home/aymane/.config/Code/clp/25fe6a3290ec415596628d4afc87a88c.fr/tcf.json","_cacheRoot":"/home/aymane/.config/Code/clp/25fe6a3290ec415596628d4afc87a88c.fr","_resolvedLanguagePackCoreLocation":"/home/aymane/.config/Code/clp/25fe6a3290ec415596628d4afc87a88c.fr/c3511e6c69bb39013c4a4b7b9566ec1ca73fc4d5","_corruptedFile":"/home/aymane/.config/Code/clp/25fe6a3290ec415596628d4afc87a88c.fr/corrupted.info","_languagePackSupport":true}
# environment
_ = /usr/share/code/code
# makefile (from 'Makefile', line 2)
CFLAGS = -Wall -Wextra -Werror -Wformat -g 
# environment
JOURNAL_STREAM = 8:43999
# environment
XDG_CONFIG_DIRS = /etc/xdg/xdg-ubuntu:/etc/xdg
# makefile (from 'Makefile', line 1)
MAKEFILE_LIST :=  Makefile
# automatic
@F = $(notdir $@)
# environment
GIO_LAUNCHED_DESKTOP_FILE = /usr/share/applications/code.desktop
# environment
USERNAME = aymane
# makefile (from 'Makefile', line 13)
SOURCES := src/lib.c src/arg-parser.c src/parsing.c src/graphe.c src/main.c src/prim.c src/djikstra.c
# environment
MAKELEVEL := 0
# environment
MANDATORY_PATH = /usr/share/gconf/ubuntu.mandatory.path
# environment
XDG_DATA_DIRS = /usr/share/ubuntu:/usr/local/share/:/usr/share/:/var/lib/snapd/desktop
# environment
DBUS_SESSION_BUS_ADDRESS = unix:path=/run/user/1000/bus
# environment
VSCODE_VERBOSE_LOGGING = true
# environment
MANAGERPID = 1444
# environment
LESSOPEN = | /usr/bin/lesspipe %s
# environment
LC_NAME = fr_FR.UTF-8
# environment
VSCODE_CWD = /home/aymane
# default
MAKE_HOST := x86_64-pc-linux-gnu
# environment
PATH = /home/aymane/.local/bin:/home/aymane/.local/bin:/usr/local/sbin:/usr/local/bin:/usr/sbin:/usr/bin:/sbin:/bin:/usr/games:/usr/local/games:/snap/bin
# environment
GPG_AGENT_INFO = /run/user/1000/gnupg/S.gpg-agent:0:1
# environment
GJS_DEBUG_OUTPUT = stderr
# environment
SESSION_MANAGER = local/AymanePC:@/tmp/.ICE-unix/1661,unix/AymanePC:/tmp/.ICE-unix/1661
# environment
XDG_RUNTIME_DIR = /run/user/1000
# environment
XDG_MENU_PREFIX = gnome-
# environment
VSCODE_LOG_STACK = false
# environment
ELECTRON_RUN_AS_NODE = 1
# environment
INVOCATION_ID = ebd5b81cc05e436f8e77db9f6e24a52d
# makefile (from 'Makefile', line 3)
LDLIBS = -lm 
# default
.FEATURES := target-specific order-only second-expansion else-if shortest-stem undefine oneshell archives jobserver output-sync check-symlink load
# environment
LS_COLORS = 
# environment
XDG_SESSION_DESKTOP = ubuntu
# environment
SSH_AUTH_SOCK = /run/user/1000/keyring/ssh
# environment
GIO_LAUNCHED_DESKTOP_FILE_PID = 10958
# automatic
%F = $(notdir $%)
# environment
DISPLAY = :0
# makefile (from 'Makefile', line 9)
SRCDIR = src
# environment
VSCODE_PIPE_LOGGING = true
# environment
PWD = /home/aymane/parsage
# default
.LOADED := 
# environment
SSH_AGENT_PID = 1622
# environment
ORIGINAL_XDG_CURRENT_DESKTOP = ubuntu:GNOME
# environment
GTK_MODULES = gail:atk-bridge
# environment
VSCODE_AMD_ENTRYPOINT = vs/workbench/api/node/extensionHostProcess
# environment
HOME = /home/aymane
# environment
LD_LIBRARY_PATH = /usr/local/lib
# environment
LESSCLOSE = /usr/bin/lesspipe %s %s
# environment
VSCODE_CODE_CACHE_PATH = /home/aymane/.config/Code/CachedData/c3511e6c69bb39013c4a4b7b9566ec1ca73fc4d5
# environment
LOGNAME = aymane
# environment
APPLICATION_INSIGHTS_NO_DIAGNOSTIC_CHANNEL = true
# automatic
+F = $(notdir $+)
# environment
VSCODE_HANDLES_UNCAUGHT_ERRORS = true
# environment
GNOME_DESKTOP_SESSION_ID = this-is-deprecated
# automatic
^D = $(patsubst %/,%,$(dir $^))
# environment
LC_TIME = fr_FR.UTF-8
# default
MAKE = $(MAKE_COMMAND)
# default
MAKECMDGOALS := all
# environment
QT_IM_MODULE = ibus
# environment
SHLVL = 0
# makefile (from 'Makefile', line 11)
BINDIR = bin
# makefile (from 'Makefile', line 1)
CC = gcc
# environment
GNOME_SHELL_SESSION_MODE = ubuntu
# environment
VSCODE_IPC_HOOK_EXTHOST = /run/user/1000/vscode-ipc-040c4d11-3eb3-4709-96db-2b5254a4b472.sock
# default
MAKE_VERSION := 4.2.1
# environment
USER = aymane
# environment
LC_MONETARY = fr_FR.UTF-8
# makefile
.DEFAULT_GOAL := bin/tree
# environment
XDG_CURRENT_DESKTOP = Unity
# automatic
%D = $(patsubst %/,%,$(dir $%))
# environment
LC_TELEPHONE = fr_FR.UTF-8
# default
MAKE_COMMAND := make
# default
.VARIABLES := 
# makefile (from 'Makefile', line 27)
PATH_TO_EXE = $(BINDIR)/$(TARGET)
# automatic
*F = $(notdir $*)
# environment
LANGUAGE = fr_FR:en
# environment
VSCODE_IPC_HOOK = /run/user/1000/vscode-12e6c9b5-1.67.2-main.sock
# makefile
MAKEFLAGS = pqrR
# environment
MFLAGS = -pqrR
# automatic
*D = $(patsubst %/,%,$(dir $*))
# automatic
+D = $(patsubst %/,%,$(dir $+))
# environment
GDK_BACKEND = x11
# environment
LC_PAPER = fr_FR.UTF-8
# makefile (from 'Makefile', line 5)
INCLUDE_PATH = ./include
# environment
QT_ACCESSIBILITY = 1
# environment
DEFAULTS_PATH = /usr/share/gconf/ubuntu.default.path
# default
MAKEFILES := 
# environment
LC_NUMERIC = fr_FR.UTF-8
# automatic
<F = $(notdir $<)
# makefile (from 'Makefile', line 10)
OBJDIR = obj
# environment
LC_MEASUREMENT = fr_FR.UTF-8
# environment
LC_ALL = C
# environment
GJS_DEBUG_TOPICS = JS ERROR;JS LOG
# automatic
^F = $(notdir $^)
# default
SUFFIXES := 
# environment
CHROME_DESKTOP = code-url-handler.desktop
# environment
WINDOWPATH = 2
# default
.INCLUDE_DIRS = /usr/include /usr/local/include /usr/include
# environment
LC_IDENTIFICATION = fr_FR.UTF-8
# default
.RECIPEPREFIX := 
# makefile (from 'Makefile', line 15)
OBJECTS := obj/lib.o obj/arg-parser.o obj/parsing.o obj/graphe.o obj/main.o obj/prim.o obj/djikstra.o
# environment
LC_ADDRESS = fr_FR.UTF-8
# environment
LANG = C
# environment
VSCODE_PID = 10958
# variable set hash-table stats:
# Load=123/1024=12%, Rehash=0, Collisions=28/165=17%

# Pattern-specific Variable Values

# No pattern-specific variable values.

# Directories

# ./include (device 2050, inode 15470660): 10 files, no impossibilities.
# . (device 2050, inode 15470504): 22 files, no impossibilities.
# src (device 2050, inode 15470670): 9 files, no impossibilities.

# 41 files, no impossibilities in 3 directories.

# Implicit Rules

# No implicit rules.

# Files

bin/tree: obj/lib.o obj/arg-parser.o obj/parsing.o obj/graphe.o obj/main.o obj/prim.o obj/djikstra.o
#  Implicit rule search has not been done.
 
#  Modification time never checked.
#  File has not been updated.
#  recipe to execute (from 'Makefile', line 18):
	mkdir -p $(BINDIR)
	$(CC) -o $@ $^ $(CFLAGS) $(LDLIBS)
	@echo "Linking complete!"

obj/prim.o: src/prim.c include/parsing.h include/graphe.h include/args-parser.h include/io-utils.h include/prim.h include/djikstra.h include/tps_unit_test.h include/lib.h
#  Implicit rule search has not been done.
#  Implicit/static pattern stem: 'prim'
#  Modification time never checked.
#  File has not been updated.
#  recipe to execute (from 'Makefile', line 23):
	mkdir -p $(OBJDIR)
	$(CC) -o $@ -c $< $(CFLAGS) -I$(INCLUDE_PATH)

# Not a target:
src/arg-parser.c:
#  Implicit rule search has not been done.
#  Modification time never checked.
#  File has not been updated.

cov:
#  Phony target (prerequisite of .PHONY).
#  Implicit rule search has not been done.
#  File does not exist.
#  File has not been updated.

# Not a target:
all:
#  Command line target.
#  Implicit rule search has been done.
#  File does not exist.
#  File has not been updated.

.PHONY: clean cov valgrind cov
#  Implicit rule search has not been done.
#  Modification time never checked.
#  File has not been updated.

# Not a target:
include/lib.h:
#  Implicit rule search has not been done.
#  Modification time never checked.
#  File has not been updated.

# Not a target:
src/lib.c:
#  Implicit rule search has not been done.
#  Modification time never checked.
#  File has not been updated.

obj/main.o: src/main.c include/parsing.h include/graphe.h include/args-parser.h include/io-utils.h include/prim.h include/djikstra.h include/tps_unit_test.h include/lib.h
#  Implicit rule search has not been done.
#  Implicit/static pattern stem: 'main'
#  Modification time never checked.
#  File has not been updated.
#  recipe to execute (from 'Makefile', line 23):
	mkdir -p $(OBJDIR)
	$(CC) -o $@ -c $< $(CFLAGS) -I$(INCLUDE_PATH)

# Not a target:
include/prim.h:
#  Implicit rule search has not been done.
#  Modification time never checked.
#  File has not been updated.

# Not a target:
src/prim.c:
#  Implicit rule search has not been done.
#  Modification time never checked.
#  File has not been updated.

# Not a target:
Makefile:
#  Implicit rule search has been done.
#  Last modified 2022-06-04 15:20:44.180256896
#  File has been updated.
#  Successfully updated.

obj/parsing.o: src/parsing.c include/parsing.h include/graphe.h include/args-parser.h include/io-utils.h include/prim.h include/djikstra.h include/tps_unit_test.h include/lib.h
#  Implicit rule search has not been done.
#  Implicit/static pattern stem: 'parsing'
#  Modification time never checked.
#  File has not been updated.
#  recipe to execute (from 'Makefile', line 23):
	mkdir -p $(OBJDIR)
	$(CC) -o $@ -c $< $(CFLAGS) -I$(INCLUDE_PATH)

timing:
#  Implicit rule search has not been done.
#  Modification time never checked.
#  File has not been updated.
#  recipe to execute (from 'Makefile', line 54):
	--timing
	--log-file=timing-out.txt
	./bin/tree -i les-arbres.csv o- output_test.csv -p

# Not a target:
include/io-utils.h:
#  Implicit rule search has not been done.
#  Modification time never checked.
#  File has not been updated.

obj/graphe.o: src/graphe.c include/parsing.h include/graphe.h include/args-parser.h include/io-utils.h include/prim.h include/djikstra.h include/tps_unit_test.h include/lib.h
#  Implicit rule search has not been done.
#  Implicit/static pattern stem: 'graphe'
#  Modification time never checked.
#  File has not been updated.
#  recipe to execute (from 'Makefile', line 23):
	mkdir -p $(OBJDIR)
	$(CC) -o $@ -c $< $(CFLAGS) -I$(INCLUDE_PATH)

# Not a target:
src/main.c:
#  Implicit rule search has not been done.
#  Modification time never checked.
#  File has not been updated.

# Not a target:
include/parsing.h:
#  Implicit rule search has not been done.
#  Modification time never checked.
#  File has not been updated.

# Not a target:
src/parsing.c:
#  Implicit rule search has not been done.
#  Modification time never checked.
#  File has not been updated.

obj/djikstra.o: src/djikstra.c include/parsing.h include/graphe.h include/args-parser.h include/io-utils.h include/prim.h include/djikstra.h include/tps_unit_test.h include/lib.h
#  Implicit rule search has not been done.
#  Implicit/static pattern stem: 'djikstra'
#  Modification time never checked.
#  File has not been updated.
#  recipe to execute (from 'Makefile', line 23):
	mkdir -p $(OBJDIR)
	$(CC) -o $@ -c $< $(CFLAGS) -I$(INCLUDE_PATH)

# Not a target:
.DEFAULT:
#  Implicit rule search has not been done.
#  Modification time never checked.
 
#  File has not been updated.

# Not a target:
include/graphe.h:
#  Implicit rule search has not been done.
#  Modification time never checked.
#  File has not been updated.

# Not a target:
src/graphe.c:
#  Implicit rule search has not been done.
#  Modification time never checked.
#  File has not been updated.

run:
#  Implicit rule search has not been done.
#  Modification time never checked.
#  File has not been updated.
#  recipe to execute (from 'Makefile', line 32):
	./$(PATH_TO_EXE)

clean:
#  Phony target (prerequisite of .PHONY).
#  Implicit rule search has not been done.
#  File does not exist.
#  File has not been updated.
#  recipe to execute (from 'Makefile', line 39):
	rm -f $(OBJDIR)/*.o
	rm -f $(OBJDIR)/*.gcda
	rm -f $(OBJDIR)/*.gcno
	rm -f $(PATH_TO_EXE)

obj/arg-parser.o: src/arg-parser.c include/parsing.h include/graphe.h include/args-parser.h include/io-utils.h include/prim.h include/djikstra.h include/tps_unit_test.h include/lib.h
#  Implicit rule search has not been done.
#  Implicit/static pattern stem: 'arg-parser'
#  Modification time never checked.
#  File has not been updated.
#  recipe to execute (from 'Makefile', line 23):
	mkdir -p $(OBJDIR)
	$(CC) -o $@ -c $< $(CFLAGS) -I$(INCLUDE_PATH)

# Not a target:
include/tps_unit_test.h:
#  Implicit rule search has not been done.
#  Modification time never checked.
#  File has not been updated.

# Not a target:
include/djikstra.h:
#  Implicit rule search has not been done.
#  Modification time never checked.
#  File has not been updated.

# Not a target:
include/args-parser.h:
#  Implicit rule search has not been done.
#  Modification time never checked.
#  File has not been updated.

# Not a target:
src/djikstra.c:
#  Implicit rule search has not been done.
#  Modification time never checked.
#  File has not been updated.

valgrind:
#  Phony target (prerequisite of .PHONY).
#  Implicit rule search has not been done.
#  File does not exist.
#  File has not been updated.
#  recipe to execute (from 'Makefile', line 46):
	--leak-check=full 
	--show-leak-kinds=all
	--track-origins=yes
	--verbose
	--log-file=valgrind-out.txt
	./executable data_test.csv output_test.csv

obj/lib.o: src/lib.c include/parsing.h include/graphe.h include/args-parser.h include/io-utils.h include/prim.h include/djikstra.h include/tps_unit_test.h include/lib.h
#  Implicit rule search has not been done.
#  Implicit/static pattern stem: 'lib'
#  Modification time never checked.
#  File has not been updated.
#  recipe to execute (from 'Makefile', line 23):
	mkdir -p $(OBJDIR)
	$(CC) -o $@ -c $< $(CFLAGS) -I$(INCLUDE_PATH)

# files hash-table stats:
# Load=33/1024=3%, Rehash=0, Collisions=0/127=0%
# VPATH Search Paths

# No 'vpath' search paths.

# No general ('VPATH' variable) search path.

# strcache buffers: 1 (0) / strings = 81 / storage = 840 B / avg = 10 B
# current buf: size = 8162 B / used = 840 B / count = 81 / avg = 10 B

# strcache performance: lookups = 115 / hit rate = 29%
# hash-table stats:
# Load=81/8192=1%, Rehash=0, Collisions=4/115=3%
# Finished Make data base on Sat Jun  4 18:52:37 2022

 
